{
    "rtcStats": [],
    "log": [
        "[2017-07-06 09:57:27.699 -07:00 - app - main] Run started",
        "[2017-07-06 09:57:27.703 -07:00 - app - main] App version: 1.0.0.2079",
        "[2017-07-06 09:57:27.704 -07:00 - app - main] Storage version: current = 5, desired = 5",
        "[2017-07-06 09:57:27.704 -07:00 - app - main] Enable video: true",
        "[2017-07-06 09:57:27.704 -07:00 - app - main] Enable video hold: true",
        "[2017-07-06 09:57:27.704 -07:00 - app - main] Use video stream forwarding: true",
        "[2017-07-06 09:57:27.772 -07:00 - wcs - main] logMaxMessageSize: 1024",
        "[2017-07-06 09:57:27.772 -07:00 - wcs - main] logMaxMessageSize: 1024",
        "[2017-07-06 09:57:27.773 -07:00 - sip_stats - main] useCallStats: false",
        "[2017-07-06 09:57:27.781 -07:00 - app - main] Calling navigator.getUserMedia",
        "[2017-07-06 09:57:27.787 -07:00 - nativeMessage - main] Mozilla/5.0 (Windows NT 10.0; Win64; x64) AppleWebKit/537.36 (KHTML, like Gecko) Chrome/59.0.3071.115 Safari/537.36",
        "[2017-07-06 09:57:27.789 -07:00 - alertController - main] serviceWorker is supported",
        "[2017-07-06 09:57:27.798 -07:00 - wcs - main] Connect",
        "[2017-07-06 09:57:27.799 -07:00 - wcs - main] onOpen - logging in with token",
        "[2017-07-06 09:57:27.832 -07:00 - windowService - main] message: undefined",
        "[2017-07-06 09:57:27.832 -07:00 - callService - main] message: undefined",
        "[2017-07-06 09:57:27.851 -07:00 - settingsController - main] load",
        "[2017-07-06 09:57:27.852 -07:00 - settingsController - main] Loading user details",
        "[2017-07-06 09:57:27.906 -07:00 - alertController - main] serviceWorker loaded: {}",
        "[2017-07-06 09:57:27.955 -07:00 - alertController - main] serviceWorker ready",
        "[2017-07-06 09:57:27.971 -07:00 - app - main] navigator.getUserMedia failed",
        "[2017-07-06 09:57:28.374 -07:00 - wcs - main] WCAPI version: 2.1.0.24",
        "[2017-07-06 09:57:28.374 -07:00 - wcs - main] Wave server ID: 1000143",
        "[2017-07-06 09:57:28.374 -07:00 - wcs - main] User ID: 5726",
        "[2017-07-06 09:57:28.374 -07:00 - wcs - main] Extension: 21632",
        "[2017-07-06 09:57:28.374 -07:00 - wcs - main] Latest version: ",
        "[2017-07-06 09:57:28.375 -07:00 - wcs - main] VCCG version: 1.0.0.1236",
        "[2017-07-06 09:57:28.375 -07:00 - wcs - main] Sending WCAPI message: ImSignOnRequest, requestId: 1, payload: {\"Priority\":100}",
        "[2017-07-06 09:57:28.376 -07:00 - voicemail - main] Loading service",
        "[2017-07-06 09:57:28.376 -07:00 - hashedDataStore - main] load: 5726-VoicemailService.voicemailData",
        "[2017-07-06 09:57:28.380 -07:00 - wcs - main] Sending WCAPI message: MessageHeadersSubscribe, payload: {\"Hash\":1305039460}",
        "[2017-07-06 09:57:28.380 -07:00 - callHistory - main] Loading service",
        "[2017-07-06 09:57:28.381 -07:00 - hashedDataStore - main] load: 5726-CallHistoryService",
        "[2017-07-06 09:57:28.384 -07:00 - wcs - main] Sending WCAPI message: CallLogHeadersSubscribe, payload: {\"OldestDateTime\":\"2017-07-06T16:50:55.000Z\"}",
        "[2017-07-06 09:57:28.384 -07:00 - applicationSettingsService - main] Loading service",
        "[2017-07-06 09:57:28.384 -07:00 - hashedDataStore - main] load: 5726-ApplicationSettingsService.data",
        "[2017-07-06 09:57:28.387 -07:00 - wcs - main] Sending VCC message: vcc/application/settings/get, payload: {\"ApplicationId\":\"VPW\"}",
        "[2017-07-06 09:57:28.399 -07:00 - directoryCtrl - main] the directory tab starts loading....................",
        "[2017-07-06 09:57:28.407 -07:00 - directoryCtrl - main] fetch all users....",
        "[2017-07-06 09:57:28.445 -07:00 - app - main] Connection state: true",
        "[2017-07-06 09:57:28.445 -07:00 - hashedDataStore - main] load: 5726-UserService.extensionList",
        "[2017-07-06 09:57:28.450 -07:00 - hashedDataStore - main] load: 5726-UserService.publicGroupList",
        "[2017-07-06 09:57:28.450 -07:00 - hashedDataStore - main] load: 5726-UserService.privateGroupList",
        "[2017-07-06 09:57:28.451 -07:00 - hashedDataStore - main] load: 5726-UserService.permissionList",
        "[2017-07-06 09:57:28.451 -07:00 - hashedDataStore - main] load: 5726-UserService.personalStatusList",
        "[2017-07-06 09:57:28.451 -07:00 - hashedDataStore - main] load: 5726-UserService.vccUserMapData",
        "[2017-07-06 09:57:28.473 -07:00 - userService - main] ApplicationDevice - load - Type: 6, StationId: undefined, RemoteAddress: undefined",
        "[2017-07-06 09:57:28.473 -07:00 - userService - main] ApplicationDevice - load - rtcMediaAllowed is false, switching to default device",
        "[2017-07-06 09:57:28.473 -07:00 - wcs - main] Sending WCAPI message: UserPrimaryDeviceSubscribe, payload: {}",
        "[2017-07-06 09:57:28.473 -07:00 - wcs - main] Sending WCAPI message: MailboxSettingsRequest, payload: {}",
        "[2017-07-06 09:57:28.474 -07:00 - wcs - main] Sending WCAPI message: PermissionSubscribe, payload: {\"Hash\":\"0eb2f776124ed9f9b7468164ed70c1de\"}",
        "[2017-07-06 09:57:28.474 -07:00 - wcs - main] Sending WCAPI message: UserPersonalStatusListSubscribe, payload: undefined",
        "[2017-07-06 09:57:28.474 -07:00 - userService - main] Primary softphone is not supported - permission denied",
        "[2017-07-06 09:57:28.475 -07:00 - userService - main] Secondary softphone is not supported - permission denied",
        "[2017-07-06 09:57:28.475 -07:00 - settingsController - main] Loading user details",
        "[2017-07-06 09:57:28.513 -07:00 - hashedDataStore - main] loadDelayed: 5726-UserService.publicContactList",
        "[2017-07-06 09:57:28.513 -07:00 - hashedDataStore - main] loadDelayed: 5726-UserService.privateContactList",
        "[2017-07-06 09:57:28.514 -07:00 - callService - main] Loading service",
        "[2017-07-06 09:57:28.514 -07:00 - hashedDataStore - main] load: 5726-CallService.firstDigitData",
        "[2017-07-06 09:57:28.514 -07:00 - wcs - main] Sending WCAPI message: ClientFirstDigitRequest, requestId: 2, payload: {\"Hash\":\"4945de68a1cdb93187b266d3c66de976\"}",
        "[2017-07-06 09:57:28.515 -07:00 - wcs - main] Sending WCAPI message: CallNotificationSubscribe, requestId: 3, payload: {}",
        "[2017-07-06 09:57:28.515 -07:00 - wcs - main] Sending WCAPI message: ExtensionListSubscribe, payload: {\"Hash\":-1583791199}",
        "[2017-07-06 09:57:28.515 -07:00 - wcs - main] Sending WCAPI message: ViewpointPrivateGroupsSubscribe, payload: {\"Hash\":0}",
        "[2017-07-06 09:57:28.515 -07:00 - wcs - main] Sending WCAPI message: ViewpointPublicGroupsSubscribe, payload: {\"Hash\":-1166522342}",
        "[2017-07-06 09:57:28.516 -07:00 - wcs - main] Sending VCC message: vcc/tenant/me, payload: {}",
        "[2017-07-06 09:57:28.516 -07:00 - userService - main] setVideoPresence: canMakeVideoCall returned false. enableVideo: true, hasWebcam: false, initialized: false, registered: false, lastConnectionEvent: undefined",
        "[2017-07-06 09:57:28.615 -07:00 - windowService - main] message: undefined",
        "[2017-07-06 09:57:28.615 -07:00 - callService - main] message: undefined",
        "[2017-07-06 09:57:28.632 -07:00 - wcs - main] Sending WCAPI message: ContactsPublicSubscribe, payload: {\"Hash\":427212293}",
        "[2017-07-06 09:57:28.633 -07:00 - hashedDataStore - main] save: 5726-UserService.publicContactList",
        "[2017-07-06 09:57:28.654 -07:00 - hashedDataStore - main] save: 5726-ApplicationSettingsService.data",
        "[2017-07-06 09:57:28.706 -07:00 - wcs - main] WCAPI message received: ImSignOnResponse, requestId: 1, data: {\"Result\":0}",
        "[2017-07-06 09:57:28.707 -07:00 - wcs - main] Sending WCAPI message: ImConversationSummaryRequest, payload: {\"BeforeTime\":null,\"MaxCount\":30,\"BodyLengthMax\":70}",
        "[2017-07-06 09:57:28.749 -07:00 - wcs - main] WCAPI message received: GeneralResponse, requestId: 0, data: {\"Code\":0,\"Reason\":null}",
        "[2017-07-06 09:57:28.750 -07:00 - wcs - main] WCAPI message received: CallLogHeadersResponse, requestId: 0, data: {\"Headers\":[{\"Id\":202024,\"Dir\":1,\"StartT\":\"\\/Date(1499359855000)\\/\",\"EndT\":\"\\/Date(1499359858000)\\/\",\"CIdName\":\"\",\"CIdNum\":\"61505\",\"PrtyCnt\":2,\"AssocId\":33,\"AssocFN\":\"\",\"AssocLN\":\"\",\"CallbackAddr\":null,\"ContactDefAddr\":\"\",\"ToFullName\":\"QA Lounge\",\"FromFullName\":\"Stacy Truong\",\"Result\":1,\"DialString\":\"61505\",\"HasNotes\":false,\"ToId\":2119,\"FromId\":5726,\"HadVideo\":false,\"PbeList\":[2119]}]}",
        "[2017-07-06 09:57:28.750 -07:00 - hashedDataStore - main] save: 5726-CallHistoryService",
        "[2017-07-06 09:57:28.764 -07:00 - wcs - main] WCAPI message received: UserPrimaryDeviceUpdate, requestId: 0, data: {\"VPDSoftphoneAllowed\":true,\"VPMSoftphoneIsPrimary\":false,\"VPWSoftphoneAllowed\":true,\"VPWSoftphoneIsPrimary\":false,\"PrimaryPhone\":1,\"PrimaryPhoneAddr\":null,\"PrimaryPhoneEx\":1,\"PrimaryPhoneAddrEx\":null}",
        "[2017-07-06 09:57:28.764 -07:00 - wcs - main] WCAPI message received: GeneralResponse, requestId: 0, data: {\"Code\":0,\"Reason\":null}",
        "[2017-07-06 09:57:28.765 -07:00 - wcs - main] WCAPI message received: GeneralResponse, requestId: 0, data: {\"Code\":0,\"Reason\":null}",
        "[2017-07-06 09:57:28.784 -07:00 - wcs - main] WCAPI message received: MailboxSettingsResponse, requestId: 0, data: {\"CurrentMaxLength\":180,\"MaxLength\":300,\"PlayOrder\":4,\"MailboxSize\":1200,\"CurrentSize\":338,\"EmptyTrashOnExit\":false,\"RemoveOld\":2,\"RemoveOldDays\":3,\"EmailNotification\":0,\"EmailAddress\":null,\"AttachVM\":0,\"CallNotification\":0,\"CallNotificationNumber\":null}",
        "[2017-07-06 09:57:28.784 -07:00 - hashedDataStore - main] save: undefined-UserService.mailboxSettings",
        "[2017-07-06 09:57:28.800 -07:00 - wcs - main] WCAPI message received: GeneralResponse, requestId: 0, data: {\"Code\":0,\"Reason\":null}",
        "[2017-07-06 09:57:28.800 -07:00 - wcs - main] WCAPI message received: PersonalStatusList, requestId: 0, data: {\"PSList\":[{\"PSId\":10161,\"Icon\":2,\"Name\":\"*Available\"},{\"PSId\":10162,\"Icon\":3,\"Name\":\"*Do Not Disturb\"},{\"PSId\":10163,\"Icon\":4,\"Name\":\"*In A Meeting\"},{\"PSId\":10164,\"Icon\":5,\"Name\":\"*Out Of The Office\"},{\"PSId\":10165,\"Icon\":6,\"Name\":\"*Vacation\"}]}",
        "[2017-07-06 09:57:28.809 -07:00 - hashedDataStore - main] save: 5726-UserService.personalStatusList",
        "[2017-07-06 09:57:28.814 -07:00 - wcs - main] Sending VCC message: vcc/wave-gateway/wave/pbeid-userid/list, payload: {\"WaveServerId\":1000143,\"Hash\":\"e10edc77ea63a39d92cc1c0c21ebcd2a\"}",
        "[2017-07-06 09:57:28.859 -07:00 - wcs - main] WCAPI message received: GeneralResponse, requestId: 0, data: {\"Code\":0,\"Reason\":null}",
        "[2017-07-06 09:57:28.863 -07:00 - wcs - main] WCAPI message received: GeneralResponse, requestId: 2, data: {\"Code\":0,\"Reason\":null}",
        "[2017-07-06 09:57:28.874 -07:00 - wcs - main] WCAPI message received: GeneralResponse, requestId: 3, data: {\"Code\":0,\"Reason\":null}",
        "[2017-07-06 09:57:28.929 -07:00 - wcs - main] WCAPI message received: GeneralResponse, requestId: 0, data: {\"Code\":0,\"Reason\":null}",
        "[2017-07-06 09:57:28.931 -07:00 - wcs - main] WCAPI message received: GeneralResponse, requestId: 0, data: {\"Code\":0,\"Reason\":null}",
        "[2017-07-06 09:57:29.021 -07:00 - wcs - main] Sending WCAPI message: ContactsPrivateSubscribe, payload: {\"Hash\":0}",
        "[2017-07-06 09:57:29.103 -07:00 - wcs - main] extensionAvailabilitySubscribe: [4768,4818,4820,4824,5172,5513,5517,5726]",
        "[2017-07-06 09:57:29.103 -07:00 - wcs - main] Sending WCAPI message: ExtensionAvailabilitySubscribe, payload: {\"PBEIds\":[4768,4818,4820,4824,5172,5513,5517,5726]}",
        "[2017-07-06 09:57:29.144 -07:00 - userService - main] Primary softphone is not supported - permission denied",
        "[2017-07-06 09:57:29.144 -07:00 - userService - main] Secondary softphone is not supported - permission denied",
        "[2017-07-06 09:57:29.163 -07:00 - wcs - main] WCAPI message received: ImConversationSummaryResponse, requestId: 0, data: {\"Hash\":\"8210c3dfdf0d087864021efaba23db46\",\"Conversations\":[{\"OtherPbeIds\":[2129],\"RoomId\":null,\"Body\":\"Yeah\",\"FromPbeId\":2129,\"SentDate\":\"\\/Date(1499114990333)\\/\",\"Count\":38},{\"OtherPbeIds\":[6191],\"RoomId\":null,\"Body\":\"got it\",\"FromPbeId\":6191,\"SentDate\":\"\\/Date(1498671475080)\\/\",\"Count\":32},{\"OtherPbeIds\":[2186],\"RoomId\":null,\"Body\":\"we were disconnected!\",\"FromPbeId\":5726,\"SentDate\":\"\\/Date(1498155703642)\\/\",\"Count\":89},{\"OtherPbeIds\":[2166],\"RoomId\":null,\"Body\":\"will retry\",\"FromPbeId\":5726,\"SentDate\":\"\\/Date(1496426001832)\\/\",\"Count\":26},{\"OtherPbeIds\":[6191,5502],\"RoomId\":\"truongstacy21632-42a8b6c6-bb2d-4557-a4cb-2da484eafbb0@conference.hotfoot.vertical.com\",\"Body\":\"coo\",\"FromPbeId\":5502,\"SentDate\":\"\\/Date(1496341173071)\\/\",\"Count\":6},{\"OtherPbeIds\":[2129,2186],\"RoomId\":\"truongstacy21632-599b3ec3-1d9b-41de-9332-f3e026e924cd@conference.hotfoot.vertical.com\",\"Body\":\"hello\",\"FromPbeId\":5726,\"SentDate\":\"\\/Date(1496340690852)\\/\",\"Count\":6},{\"OtherPbeIds\":[6331],\"RoomId\":null,\"Body\":\"test received\",\"FromPbeId < snip > ",
        "[2017-07-06 09:57:29.196 -07:00 - wcs - main] WCAPI message received: GeneralResponse, requestId: 0, data: {\"Code\":0,\"Reason\":null}",
        "[2017-07-06 09:57:29.239 -07:00 - wcs - main] Sending VCC message: vcc/profile/list, payload: {\"UserIds\":[400]}",
        "[2017-07-06 09:57:29.285 -07:00 - wcs - main] WCAPI message received: ExtensionAvailabilityUpdates, requestId: 0, data: {\"AvailUpdates\":[{\"Id\":4768,\"AVState\":0,\"PS\":\"\",\"PSIcon\":10,\"PSCat\":1000,\"PSId\":7213,\"IMState\":-1},{\"Id\":4818,\"AVState\":0,\"PS\":\"*Available\",\"PSIcon\":2,\"PSCat\":1000,\"PSId\":7412,\"IMState\":-1},{\"Id\":4820,\"AVState\":0,\"PS\":\"*Available\",\"PSIcon\":2,\"PSCat\":1000,\"PSId\":7420,\"IMState\":-1},{\"Id\":4824,\"AVState\":0,\"PS\":\"*Available\",\"PSIcon\":2,\"PSCat\":1000,\"PSId\":7436,\"IMState\":-1},{\"Id\":5172,\"AVState\":0,\"PS\":\"\",\"PSIcon\":10,\"PSCat\":1000,\"PSId\":8860,\"IMState\":-1},{\"Id\":5513,\"AVState\":0,\"PS\":\"*Available\",\"PSIcon\":2,\"PSCat\":1000,\"PSId\":9933,\"IMState\":0},{\"Id\":5517,\"AVState\":0,\"PS\":\"*Available\",\"PSIcon\":2,\"PSCat\":1000,\"PSId\":9949,\"IMState\":0},{\"Id\":5726,\"AVState\":0,\"PS\":\"*Available\",\"PSIcon\":2,\"PSCat\":1000,\"PSId\":10161,\"IMState\":2}]}",
        "[2017-07-06 09:57:29.285 -07:00 - hashedDataStore - main] save: 5726-UserService.extensionList",
        "[2017-07-06 09:57:29.351 -07:00 - settingsController - main] Loading user details",
        "[2017-07-06 09:57:29.354 -07:00 - hashedDataStore - main] save: 5726-UserService.extensionList",
        "[2017-07-06 09:57:29.370 -07:00 - wcs - main] WCAPI message received: GeneralResponse, requestId: 0, data: {\"Code\":0,\"Reason\":null}",
        "[2017-07-06 09:57:34.358 -07:00 - userService - main] Primary softphone is not supported - permission denied",
        "[2017-07-06 09:57:34.358 -07:00 - userService - main] Secondary softphone is not supported - permission denied",
        "[2017-07-06 09:57:35.551 -07:00 - userService - main] Debug info: enableVideo: true, using soft phone: false, has web cam: false, Presence: 0"
    ]
}